0 info it worked if it ends with ok
1 verbose cli [ 'node', '/usr/local/bin/npm', 'update', '-G', 'bower' ]
2 info using npm@2.1.11
3 info using node@v0.10.33
4 verbose node symlink /usr/local/bin/node
5 silly mapToRegistry name bower
6 silly mapToRegistry using default registry
7 silly mapToRegistry registry https://registry.npmjs.org/
8 silly mapToRegistry uri https://registry.npmjs.org/bower
9 verbose get https://registry.npmjs.org/bower not expired, no request
10 silly mapToRegistry name bower
11 silly mapToRegistry using default registry
12 silly mapToRegistry registry https://registry.npmjs.org/
13 silly mapToRegistry uri https://registry.npmjs.org/bower
14 verbose get https://registry.npmjs.org/bower not expired, no request
15 info outdated updating []
16 verbose stack Error: EMFILE, readdir '/Users/bortignon/Google Drive/W1T/products/tracklistme/node_modules/grunt-contrib-imagemin/node_modules/imagemin/node_modules/imagemin-optipng/node_modules/optipng-bin/node_modules/bin-build/node_modules/download/node_modules/download-status/node_modules/lpad-align/node_modules/longest'
17 verbose cwd /Users/bortignon/Google Drive/W1T/products/tracklistme
18 error Darwin 13.4.0
19 error argv "node" "/usr/local/bin/npm" "update" "-G" "bower"
20 error node v0.10.33
21 error npm  v2.1.11
22 error path /Users/bortignon/Google Drive/W1T/products/tracklistme/node_modules/grunt-contrib-imagemin/node_modules/imagemin/node_modules/imagemin-optipng/node_modules/optipng-bin/node_modules/bin-build/node_modules/download/node_modules/download-status/node_modules/lpad-align/node_modules/longest
23 error code EMFILE
24 error errno 20
25 error EMFILE, readdir '/Users/bortignon/Google Drive/W1T/products/tracklistme/node_modules/grunt-contrib-imagemin/node_modules/imagemin/node_modules/imagemin-optipng/node_modules/optipng-bin/node_modules/bin-build/node_modules/download/node_modules/download-status/node_modules/lpad-align/node_modules/longest'
26 error If you need help, you may report this error at:
26 error     <http://github.com/npm/npm/issues>
27 verbose exit [ 20, true ]
